<?xml version="1.0" encoding="UTF-8"?>
<coverage generated="1708687110452" clover="3.2.0">
  <project timestamp="1708687110453" name="All files">
    <metrics statements="22" coveredstatements="14" conditionals="6" coveredconditionals="2" methods="9" coveredmethods="3" elements="37" coveredelements="19" complexity="0" loc="22" ncloc="22" packages="1" files="1" classes="1"/>
    <file name="Body.js" path="C:\Users\mohammed.junaid.umar\Documents\GitHub\N-React\swiggy-project\namaste-react\src\components\Body.js">
      <metrics statements="22" coveredstatements="14" conditionals="6" coveredconditionals="2" methods="9" coveredmethods="3"/>
      <line num="7" count="1" type="stmt"/>
      <line num="9" count="6" type="stmt"/>
      <line num="10" count="5" type="stmt"/>
      <line num="13" count="5" type="stmt"/>
      <line num="15" count="5" type="stmt"/>
      <line num="20" count="5" type="stmt"/>
      <line num="21" count="1" type="stmt"/>
      <line num="24" count="5" type="stmt"/>
      <line num="25" count="1" type="stmt"/>
      <line num="29" count="1" type="stmt"/>
      <line num="34" count="1" type="stmt"/>
      <line num="35" count="1" type="stmt"/>
      <line num="39" count="5" type="stmt"/>
      <line num="43" count="5" type="cond" truecount="2" falsecount="2"/>
      <line num="54" count="0" type="stmt"/>
      <line num="63" count="0" type="stmt"/>
      <line num="64" count="0" type="stmt"/>
      <line num="67" count="0" type="stmt"/>
      <line num="79" count="0" type="stmt"/>
      <line num="80" count="0" type="stmt"/>
      <line num="84" count="0" type="stmt"/>
      <line num="96" count="0" type="stmt"/>
    </file>
  </project>
</coverage>
