{"C:\\Users\\mohammed.junaid.umar\\Documents\\GitHub\\N-React\\swiggy-project\\namaste-react\\src\\components\\Body.js": {"path":"C:\\Users\\mohammed.junaid.umar\\Documents\\GitHub\\N-React\\swiggy-project\\namaste-react\\src\\components\\Body.js","statementMap":{"0":{"start":{"line":7,"column":13},"end":{"line":109,"column":1}},"1":{"start":{"line":9,"column":50},"end":{"line":9,"column":62}},"2":{"start":{"line":10,"column":54},"end":{"line":10,"column":66}},"3":{"start":{"line":13,"column":38},"end":{"line":13,"column":50}},"4":{"start":{"line":15,"column":28},"end":{"line":15,"column":56}},"5":{"start":{"line":20,"column":2},"end":{"line":22,"column":9}},"6":{"start":{"line":21,"column":4},"end":{"line":21,"column":16}},"7":{"start":{"line":24,"column":20},"end":{"line":36,"column":3}},"8":{"start":{"line":25,"column":17},"end":{"line":27,"column":5}},"9":{"start":{"line":29,"column":17},"end":{"line":29,"column":34}},"10":{"start":{"line":34,"column":4},"end":{"line":34,"column":99}},"11":{"start":{"line":35,"column":4},"end":{"line":35,"column":102}},"12":{"start":{"line":39,"column":16},"end":{"line":39,"column":33}},"13":{"start":{"line":43,"column":2},"end":{"line":108,"column":59}},"14":{"start":{"line":54,"column":14},"end":{"line":54,"column":44}},"15":{"start":{"line":63,"column":41},"end":{"line":65,"column":15}},"16":{"start":{"line":64,"column":16},"end":{"line":64,"column":78}},"17":{"start":{"line":67,"column":14},"end":{"line":67,"column":56}},"18":{"start":{"line":79,"column":33},"end":{"line":81,"column":13}},"19":{"start":{"line":80,"column":23},"end":{"line":80,"column":47}},"20":{"start":{"line":84,"column":12},"end":{"line":84,"column":48}},"21":{"start":{"line":96,"column":10},"end":{"line":104,"column":17}}},"fnMap":{"0":{"name":"(anonymous_0)","decl":{"start":{"line":7,"column":13},"end":{"line":7,"column":14}},"loc":{"start":{"line":7,"column":19},"end":{"line":109,"column":1}},"line":7},"1":{"name":"(anonymous_1)","decl":{"start":{"line":20,"column":12},"end":{"line":20,"column":13}},"loc":{"start":{"line":20,"column":18},"end":{"line":22,"column":3}},"line":20},"2":{"name":"(anonymous_2)","decl":{"start":{"line":24,"column":20},"end":{"line":24,"column":21}},"loc":{"start":{"line":24,"column":32},"end":{"line":36,"column":3}},"line":24},"3":{"name":"(anonymous_3)","decl":{"start":{"line":53,"column":22},"end":{"line":53,"column":23}},"loc":{"start":{"line":53,"column":29},"end":{"line":55,"column":13}},"line":53},"4":{"name":"(anonymous_4)","decl":{"start":{"line":58,"column":21},"end":{"line":58,"column":22}},"loc":{"start":{"line":58,"column":27},"end":{"line":68,"column":13}},"line":58},"5":{"name":"(anonymous_5)","decl":{"start":{"line":63,"column":66},"end":{"line":63,"column":67}},"loc":{"start":{"line":64,"column":16},"end":{"line":64,"column":78}},"line":64},"6":{"name":"(anonymous_6)","decl":{"start":{"line":76,"column":19},"end":{"line":76,"column":20}},"loc":{"start":{"line":76,"column":25},"end":{"line":87,"column":11}},"line":76},"7":{"name":"(anonymous_7)","decl":{"start":{"line":80,"column":14},"end":{"line":80,"column":15}},"loc":{"start":{"line":80,"column":23},"end":{"line":80,"column":47}},"line":80},"8":{"name":"(anonymous_8)","decl":{"start":{"line":95,"column":32},"end":{"line":95,"column":33}},"loc":{"start":{"line":96,"column":10},"end":{"line":104,"column":17}},"line":96}},"branchMap":{"0":{"loc":{"start":{"line":43,"column":9},"end":{"line":108,"column":58}},"type":"cond-expr","locations":[{"start":{"line":43,"column":18},"end":{"line":108,"column":3}},{"start":{"line":108,"column":5},"end":{"line":108,"column":58}}],"line":43},"1":{"loc":{"start":{"line":43,"column":18},"end":{"line":108,"column":3}},"type":"cond-expr","locations":[{"start":{"line":44,"column":4},"end":{"line":44,"column":15}},{"start":{"line":46,"column":4},"end":{"line":107,"column":10}}],"line":43},"2":{"loc":{"start":{"line":101,"column":14},"end":{"line":101,"column":115}},"type":"cond-expr","locations":[{"start":{"line":101,"column":34},"end":{"line":101,"column":75}},{"start":{"line":101,"column":76},"end":{"line":101,"column":115}}],"line":101}},"s":{"0":1,"1":6,"2":5,"3":5,"4":5,"5":5,"6":1,"7":5,"8":1,"9":1,"10":1,"11":1,"12":5,"13":5,"14":0,"15":0,"16":0,"17":0,"18":0,"19":0,"20":0,"21":0},"f":{"0":6,"1":1,"2":1,"3":0,"4":0,"5":0,"6":0,"7":0,"8":0},"b":{"0":[5,0],"1":[1,0],"2":[0,0]},"_coverageSchema":"1a1c01bbd47fc00a2c39e90264f33305004495a9","hash":"96c2fd4f89728c16c63af2b5afabc0caef913624"}
}
