{"C:\\Users\\mohammed.junaid.umar\\Documents\\GitHub\\N-React\\swiggy-project\\namaste-react\\src\\components\\Contact.js": {"path":"C:\\Users\\mohammed.junaid.umar\\Documents\\GitHub\\N-React\\swiggy-project\\namaste-react\\src\\components\\Contact.js","statementMap":{"0":{"start":{"line":1,"column":16},"end":{"line":12,"column":1}},"1":{"start":{"line":2,"column":2},"end":{"line":11,"column":4}}},"fnMap":{"0":{"name":"(anonymous_0)","decl":{"start":{"line":1,"column":16},"end":{"line":1,"column":17}},"loc":{"start":{"line":1,"column":22},"end":{"line":12,"column":1}},"line":1}},"branchMap":{},"s":{"0":1,"1":4},"f":{"0":4},"b":{},"_coverageSchema":"1a1c01bbd47fc00a2c39e90264f33305004495a9","hash":"928e5c6a17c229429362300d0424d3fbcaf71e13"}
,"C:\\Users\\mohammed.junaid.umar\\Documents\\GitHub\\N-React\\swiggy-project\\namaste-react\\src\\components\\Header.js": {"path":"C:\\Users\\mohammed.junaid.umar\\Documents\\GitHub\\N-React\\swiggy-project\\namaste-react\\src\\components\\Header.js","statementMap":{"0":{"start":{"line":7,"column":15},"end":{"line":55,"column":1}},"1":{"start":{"line":8,"column":42},"end":{"line":8,"column":59}},"2":{"start":{"line":10,"column":17},"end":{"line":10,"column":34}},"3":{"start":{"line":15,"column":20},"end":{"line":15,"column":58}},"4":{"start":{"line":15,"column":41},"end":{"line":15,"column":57}},"5":{"start":{"line":18,"column":2},"end":{"line":54,"column":4}},"6":{"start":{"line":44,"column":14},"end":{"line":46,"column":43}}},"fnMap":{"0":{"name":"(anonymous_0)","decl":{"start":{"line":7,"column":15},"end":{"line":7,"column":16}},"loc":{"start":{"line":7,"column":21},"end":{"line":55,"column":1}},"line":7},"1":{"name":"(anonymous_1)","decl":{"start":{"line":15,"column":32},"end":{"line":15,"column":33}},"loc":{"start":{"line":15,"column":41},"end":{"line":15,"column":57}},"line":15},"2":{"name":"(anonymous_2)","decl":{"start":{"line":43,"column":21},"end":{"line":43,"column":22}},"loc":{"start":{"line":43,"column":27},"end":{"line":47,"column":13}},"line":43}},"branchMap":{"0":{"loc":{"start":{"line":26,"column":28},"end":{"line":26,"column":44}},"type":"cond-expr","locations":[{"start":{"line":26,"column":35},"end":{"line":26,"column":39}},{"start":{"line":26,"column":40},"end":{"line":26,"column":44}}],"line":26},"1":{"loc":{"start":{"line":44,"column":14},"end":{"line":46,"column":42}},"type":"cond-expr","locations":[{"start":{"line":45,"column":18},"end":{"line":45,"column":43}},{"start":{"line":46,"column":18},"end":{"line":46,"column":42}}],"line":44}},"s":{"0":1,"1":4,"2":4,"3":4,"4":7,"5":4,"6":1},"f":{"0":4,"1":7,"2":1},"b":{"0":[4,0],"1":[1,0]},"_coverageSchema":"1a1c01bbd47fc00a2c39e90264f33305004495a9","hash":"f88858b9701d0fcfb21ed09d612039d04cb687e7"}
,"C:\\Users\\mohammed.junaid.umar\\Documents\\GitHub\\N-React\\swiggy-project\\namaste-react\\src\\components\\Sum.js": {"path":"C:\\Users\\mohammed.junaid.umar\\Documents\\GitHub\\N-React\\swiggy-project\\namaste-react\\src\\components\\Sum.js","statementMap":{"0":{"start":{"line":1,"column":12},"end":{"line":3,"column":1}},"1":{"start":{"line":2,"column":4},"end":{"line":2,"column":15}}},"fnMap":{"0":{"name":"(anonymous_0)","decl":{"start":{"line":1,"column":12},"end":{"line":1,"column":13}},"loc":{"start":{"line":1,"column":20},"end":{"line":3,"column":1}},"line":1}},"branchMap":{},"s":{"0":1,"1":1},"f":{"0":1},"b":{},"_coverageSchema":"1a1c01bbd47fc00a2c39e90264f33305004495a9","hash":"834174581f03b4350f532bcf49612d727635910a"}
,"C:\\Users\\mohammed.junaid.umar\\Documents\\GitHub\\N-React\\swiggy-project\\namaste-react\\src\\utils\\appStore.js": {"path":"C:\\Users\\mohammed.junaid.umar\\Documents\\GitHub\\N-React\\swiggy-project\\namaste-react\\src\\utils\\appStore.js","statementMap":{"0":{"start":{"line":7,"column":17},"end":{"line":15,"column":2}}},"fnMap":{},"branchMap":{},"s":{"0":1},"f":{},"b":{},"_coverageSchema":"1a1c01bbd47fc00a2c39e90264f33305004495a9","hash":"b1d3bf777e2b5223ed5d94f27d4346767b61348a"}
,"C:\\Users\\mohammed.junaid.umar\\Documents\\GitHub\\N-React\\swiggy-project\\namaste-react\\src\\utils\\cartSlice.js": {"path":"C:\\Users\\mohammed.junaid.umar\\Documents\\GitHub\\N-React\\swiggy-project\\namaste-react\\src\\utils\\cartSlice.js","statementMap":{"0":{"start":{"line":3,"column":18},"end":{"line":22,"column":2}},"1":{"start":{"line":11,"column":12},"end":{"line":11,"column":45}},"2":{"start":{"line":16,"column":12},"end":{"line":16,"column":30}},"3":{"start":{"line":19,"column":12},"end":{"line":19,"column":33}},"4":{"start":{"line":30,"column":46},"end":{"line":30,"column":63}}},"fnMap":{"0":{"name":"(anonymous_0)","decl":{"start":{"line":9,"column":16},"end":{"line":9,"column":17}},"loc":{"start":{"line":9,"column":32},"end":{"line":12,"column":9}},"line":9},"1":{"name":"(anonymous_1)","decl":{"start":{"line":13,"column":19},"end":{"line":13,"column":20}},"loc":{"start":{"line":13,"column":28},"end":{"line":17,"column":9}},"line":13},"2":{"name":"(anonymous_2)","decl":{"start":{"line":18,"column":18},"end":{"line":18,"column":19}},"loc":{"start":{"line":18,"column":27},"end":{"line":20,"column":9}},"line":18}},"branchMap":{},"s":{"0":1,"1":0,"2":0,"3":0,"4":1},"f":{"0":0,"1":0,"2":0},"b":{},"_coverageSchema":"1a1c01bbd47fc00a2c39e90264f33305004495a9","hash":"a81dc0c5b7182dad3899186ac00a822c222420d9"}
,"C:\\Users\\mohammed.junaid.umar\\Documents\\GitHub\\N-React\\swiggy-project\\namaste-react\\src\\utils\\constants.js": {"path":"C:\\Users\\mohammed.junaid.umar\\Documents\\GitHub\\N-React\\swiggy-project\\namaste-react\\src\\utils\\constants.js","statementMap":{"0":{"start":{"line":2,"column":2},"end":{"line":2,"column":93}},"1":{"start":{"line":5,"column":2},"end":{"line":5,"column":74}},"2":{"start":{"line":8,"column":2},"end":{"line":8,"column":132}}},"fnMap":{},"branchMap":{},"s":{"0":1,"1":1,"2":1},"f":{},"b":{},"_coverageSchema":"1a1c01bbd47fc00a2c39e90264f33305004495a9","hash":"81c564a5125d45b0c6deb779f1c9e20f99061157"}
,"C:\\Users\\mohammed.junaid.umar\\Documents\\GitHub\\N-React\\swiggy-project\\namaste-react\\src\\utils\\useOnlineStatus.js": {"path":"C:\\Users\\mohammed.junaid.umar\\Documents\\GitHub\\N-React\\swiggy-project\\namaste-react\\src\\utils\\useOnlineStatus.js","statementMap":{"0":{"start":{"line":8,"column":24},"end":{"line":24,"column":1}},"1":{"start":{"line":9,"column":31},"end":{"line":9,"column":45}},"2":{"start":{"line":10,"column":0},"end":{"line":21,"column":5}},"3":{"start":{"line":12,"column":0},"end":{"line":15,"column":2}},"4":{"start":{"line":13,"column":4},"end":{"line":13,"column":20}},"5":{"start":{"line":17,"column":0},"end":{"line":19,"column":2}},"6":{"start":{"line":18,"column":4},"end":{"line":18,"column":20}},"7":{"start":{"line":23,"column":0},"end":{"line":23,"column":14}}},"fnMap":{"0":{"name":"(anonymous_0)","decl":{"start":{"line":8,"column":24},"end":{"line":8,"column":25}},"loc":{"start":{"line":8,"column":29},"end":{"line":24,"column":1}},"line":8},"1":{"name":"(anonymous_1)","decl":{"start":{"line":10,"column":10},"end":{"line":10,"column":11}},"loc":{"start":{"line":10,"column":14},"end":{"line":21,"column":1}},"line":10},"2":{"name":"(anonymous_2)","decl":{"start":{"line":12,"column":33},"end":{"line":12,"column":34}},"loc":{"start":{"line":12,"column":37},"end":{"line":15,"column":1}},"line":12},"3":{"name":"(anonymous_3)","decl":{"start":{"line":17,"column":34},"end":{"line":17,"column":35}},"loc":{"start":{"line":17,"column":38},"end":{"line":19,"column":1}},"line":17}},"branchMap":{},"s":{"0":1,"1":4,"2":4,"3":3,"4":0,"5":3,"6":0,"7":4},"f":{"0":4,"1":3,"2":0,"3":0},"b":{},"_coverageSchema":"1a1c01bbd47fc00a2c39e90264f33305004495a9","hash":"9c15e2e5f868b881809738a983dc7f1af1d1861d"}
}
