TN:
SF:src\components\Body.js
FN:7,(anonymous_0)
FN:20,(anonymous_1)
FN:24,(anonymous_2)
FN:53,(anonymous_3)
FN:58,(anonymous_4)
FN:63,(anonymous_5)
FN:76,(anonymous_6)
FN:80,(anonymous_7)
FN:95,(anonymous_8)
FNF:9
FNH:3
FNDA:6,(anonymous_0)
FNDA:1,(anonymous_1)
FNDA:1,(anonymous_2)
FNDA:0,(anonymous_3)
FNDA:0,(anonymous_4)
FNDA:0,(anonymous_5)
FNDA:0,(anonymous_6)
FNDA:0,(anonymous_7)
FNDA:0,(anonymous_8)
DA:7,1
DA:9,6
DA:10,5
DA:13,5
DA:15,5
DA:20,5
DA:21,1
DA:24,5
DA:25,1
DA:29,1
DA:34,1
DA:35,1
DA:39,5
DA:43,5
DA:54,0
DA:63,0
DA:64,0
DA:67,0
DA:79,0
DA:80,0
DA:84,0
DA:96,0
LF:22
LH:14
BRDA:43,0,0,5
BRDA:43,0,1,0
BRDA:43,1,0,1
BRDA:43,1,1,0
BRDA:101,2,0,0
BRDA:101,2,1,0
BRF:6
BRH:2
end_of_record
